<?xml version="1.0" encoding="UTF-8"?>
<testng-results ignored="0" total="2" passed="2" failed="0" skipped="0">
  <reporter-output>
  </reporter-output>
  <suite started-at="2022-06-26T09:57:40 IST" name="Suite" finished-at="2022-06-26T09:57:58 IST" duration-ms="17848">
    <groups>
    </groups>
    <test started-at="2022-06-26T09:57:40 IST" name="Test" finished-at="2022-06-26T09:57:58 IST" duration-ms="17848">
      <class name="com.qa.automation.SecondTest">
        <test-method signature="navigateToGoogle()[pri:0, instance:com.qa.automation.SecondTest@7722c3c3]" started-at="2022-06-26T09:57:44 IST" name="navigateToGoogle" finished-at="2022-06-26T09:57:58 IST" duration-ms="13888" status="PASS">
          <reporter-output>
          </reporter-output>
        </test-method> <!-- navigateToGoogle -->
      </class> <!-- com.qa.automation.SecondTest -->
      <class name="com.qa.automation.FirstTest">
        <test-method signature="navigateToGoogle()[pri:0, instance:com.qa.automation.FirstTest@7ed7259e]" started-at="2022-06-26T09:57:40 IST" name="navigateToGoogle" finished-at="2022-06-26T09:57:44 IST" duration-ms="3931" status="PASS">
          <reporter-output>
          </reporter-output>
        </test-method> <!-- navigateToGoogle -->
      </class> <!-- com.qa.automation.FirstTest -->
    </test> <!-- Test -->
  </suite> <!-- Suite -->
</testng-results>
