<?xml version="1.0" encoding="UTF-8"?>
<testng-results ignored="0" total="2" passed="2" failed="0" skipped="0">
  <reporter-output>
  </reporter-output>
  <suite started-at="2022-06-25T17:10:03 IST" name="Suite" finished-at="2022-06-25T17:10:30 IST" duration-ms="27121">
    <groups>
    </groups>
    <test started-at="2022-06-25T17:10:03 IST" name="Test" finished-at="2022-06-25T17:10:30 IST" duration-ms="27121">
      <class name="com.qa.automation.SecondTest">
        <test-method signature="navigateToGoogle()[pri:0, instance:com.qa.automation.SecondTest@4b45a2f5]" started-at="2022-06-25T17:10:09 IST" name="navigateToGoogle" finished-at="2022-06-25T17:10:30 IST" duration-ms="20605" status="PASS">
          <reporter-output>
          </reporter-output>
        </test-method> <!-- navigateToGoogle -->
      </class> <!-- com.qa.automation.SecondTest -->
      <class name="com.qa.automation.FirstTest">
        <test-method signature="navigateToGoogle()[pri:0, instance:com.qa.automation.FirstTest@4d5650ae]" started-at="2022-06-25T17:10:03 IST" name="navigateToGoogle" finished-at="2022-06-25T17:10:09 IST" duration-ms="6486" status="PASS">
          <reporter-output>
          </reporter-output>
        </test-method> <!-- navigateToGoogle -->
      </class> <!-- com.qa.automation.FirstTest -->
    </test> <!-- Test -->
  </suite> <!-- Suite -->
</testng-results>
